\BOOKMARK [1][-]{section*.1}{\376\377\000R\000e\000p\000l\000i\000c\000a\000t\000i\000o\000n\000\040\000o\000f\000\040\000H\000a\000n\000s\000e\000n\000\040\000\050\0002\0000\0001\0005\000\051\000\040\000P\000u\000n\000i\000s\000h\000m\000e\000n\000t\000\040\000a\000n\000d\000\040\000D\000e\000t\000e\000r\000r\000e\000n\000c\000e\000:\000\040\000E\000v\000i\000d\000e\000n\000c\000e\000\040\000f\000r\000o\000m\000\040\000D\000r\000u\000n\000k\000\040\000D\000r\000i\000v\000i\000n\000g}{}% 1
\BOOKMARK [1][-]{section.1}{\376\377\000D\000a\000t\000a\000,\000\040\000M\000e\000t\000h\000o\000d\000s\000,\000\040\000a\000n\000d\000\040\000A\000s\000s\000u\000m\000p\000t\000i\000o\000n\000s}{}% 2
\BOOKMARK [2][-]{subsection.1.1}{\376\377\000D\000a\000t\000a}{section.1}% 3
\BOOKMARK [2][-]{subsection.1.2}{\376\377\000A\000s\000s\000u\000m\000p\000t\000i\000o\000n\000s\000\040\000o\000f\000\040\000t\000h\000e\000\040\000R\000D\000D}{section.1}% 4
\BOOKMARK [2][-]{subsection.1.3}{\376\377\000T\000h\000e\000\040\000m\000o\000d\000e\000l\000\040\000a\000n\000d\000\040\000c\000o\000n\000t\000r\000o\000l\000\040\000v\000a\000r\000i\000a\000b\000l\000e\000s}{section.1}% 5
\BOOKMARK [1][-]{section.2}{\376\377\000R\000e\000s\000u\000l\000t\000s}{}% 6
\BOOKMARK [2][-]{subsection.2.1}{\376\377\000T\000h\000e\000\040\000E\000f\000f\000e\000c\000t\000\040\000o\000f\000\040\000R\000e\000c\000e\000i\000v\000i\000n\000g\000\040\000P\000u\000n\000i\000s\000h\000m\000e\000n\000t\000s\000\040\000o\000n\000\040\000R\000e\000c\000i\000d\000i\000v\000i\000s\000m}{section.2}% 7
\BOOKMARK [2][-]{subsection.2.2}{\376\377\000R\000o\000b\000u\000s\000t\000n\000e\000s\000s}{section.2}% 8
\BOOKMARK [1][-]{section.3}{\376\377\000D\000i\000s\000c\000u\000s\000s\000i\000o\000n\000,\000\040\000C\000r\000i\000t\000i\000q\000u\000e\000\040\000a\000n\000d\000\040\000E\000x\000t\000e\000n\000s\000i\000o\000n}{}% 9
\BOOKMARK [2][-]{subsection.3.1}{\376\377\000S\000t\000r\000e\000n\000g\000t\000h\000s\000\040\000o\000f\000\040\000t\000h\000e\000\040\000o\000r\000i\000g\000i\000n\000a\000l\000\040\000s\000t\000u\000d\000y}{section.3}% 10
\BOOKMARK [2][-]{subsection.3.2}{\376\377\000S\000u\000g\000g\000e\000s\000t\000e\000d\000\040\000i\000m\000p\000r\000o\000v\000e\000m\000e\000n\000t\000s\000\040\000a\000n\000d\000\040\000e\000x\000t\000e\000n\000t\000i\000o\000n\000s}{section.3}% 11
\BOOKMARK [1][-]{section.4}{\376\377\000C\000o\000n\000c\000l\000u\000s\000i\000o\000n}{}% 12
\BOOKMARK [1][-]{section*.11}{\376\377\000R\000e\000f\000e\000r\000e\000n\000c\000e\000s}{}% 13
\BOOKMARK [1][-]{section*.12}{\376\377\000A\000p\000p\000e\000n\000d\000i\000x\000\040\000A\000:\000\040\000A\000n\000a\000l\000y\000s\000i\000s\000\040\000C\000o\000d\000e}{}% 14
\BOOKMARK [1][-]{section*.13}{\376\377\000A\000p\000p\000e\000n\000d\000i\000x\000\040\000B\000:\000\040\000N\000o\000t\000e\000s\000\040\000o\000n\000\040\000t\000h\000e\000\040\000E\000c\000o\000n\000o\000m\000e\000t\000r\000i\000c\000s\000\040\000M\000e\000t\000h\000o\000d\000s}{}% 15
\BOOKMARK [2][-]{section*.14}{\376\377\000T\000h\000e\000\040\000R\000D\000D\000\040\000a\000s\000u\000m\000p\000t\000i\000o\000n\000\040\000a\000b\000o\000u\000t\000\040\000m\000a\000n\000i\000p\000u\000l\000a\000t\000i\000o\000n}{section*.13}% 16
\BOOKMARK [2][-]{section*.15}{\376\377\000M\000o\000d\000e\000l\000s}{section*.13}% 17
\BOOKMARK [1][-]{section*.16}{\376\377\000A\000p\000p\000e\000n\000d\000i\000x\000\040\000C\000:\000\040\000S\000i\000m\000u\000l\000a\000t\000i\000o\000n\000s}{}% 18
\BOOKMARK [2][-]{section*.17}{\376\377\000S\000i\000m\000u\000l\000a\000t\000i\000n\000g\000\040\000n\000o\000n\000-\000r\000a\000n\000d\000o\000m\000\040\000h\000e\000a\000p\000i\000n\000g}{section*.16}% 19
\BOOKMARK [2][-]{section*.18}{\376\377\000T\000h\000e\000\040\000n\000e\000c\000e\000s\000s\000i\000t\000y\000\040\000o\000f\000\040\000l\000o\000c\000a\000l\000\040\000p\000o\000l\000y\000n\000o\000m\000i\000a\000l\000s\000\040\000i\000n\000\040\000a\000\040\000d\000o\000n\000u\000t\000\040\000h\000o\000l\000e\000\040\000m\000o\000d\000e\000l}{section*.16}% 20
